{"C:\\Documents\\Personal\\Projects\\prms\\prms-web\\src\\components\\ui\\button.tsx": {"path":"C:\\Documents\\Personal\\Projects\\prms\\prms-web\\src\\components\\ui\\button.tsx","statementMap":{"0":{"start":{"line":7,"column":6},"end":{"line":35,"column":null}},"1":{"start":{"line":43,"column":15},"end":{"line":54,"column":null}},"2":{"start":{"line":45,"column":17},"end":{"line":45,"column":null}},"3":{"start":{"line":46,"column":4},"end":{"line":51,"column":null}},"4":{"start":{"line":55,"column":0},"end":{"line":55,"column":null}}},"fnMap":{"0":{"name":"(anonymous_0)","decl":{"start":{"line":44,"column":2},"end":{"line":44,"column":3}},"loc":{"start":{"line":44,"column":68},"end":{"line":53,"column":null}},"line":44}},"branchMap":{"0":{"loc":{"start":{"line":44,"column":31},"end":{"line":44,"column":48}},"type":"default-arg","locations":[{"start":{"line":44,"column":41},"end":{"line":44,"column":48}}],"line":44},"1":{"loc":{"start":{"line":45,"column":17},"end":{"line":45,"column":null}},"type":"cond-expr","locations":[{"start":{"line":45,"column":27},"end":{"line":45,"column":34}},{"start":{"line":45,"column":34},"end":{"line":45,"column":null}}],"line":45}},"s":{"0":1,"1":1,"2":11,"3":11,"4":1},"f":{"0":11},"b":{"0":[11],"1":[0,11]},"meta":{"lastBranch":2,"lastFunction":1,"lastStatement":5,"seen":{"s:7:6:35:Infinity":0,"s:43:15:54:Infinity":1,"f:44:2:44:3":0,"b:44:41:44:48":0,"s:45:17:45:Infinity":2,"b:45:27:45:34:45:34:45:Infinity":1,"s:46:4:51:Infinity":3,"s:55:0:55:Infinity":4}}}
,"C:\\Documents\\Personal\\Projects\\prms\\prms-web\\src\\components\\ui\\input.tsx": {"path":"C:\\Documents\\Personal\\Projects\\prms\\prms-web\\src\\components\\ui\\input.tsx","statementMap":{"0":{"start":{"line":5,"column":14},"end":{"line":19,"column":null}},"1":{"start":{"line":7,"column":4},"end":{"line":16,"column":null}},"2":{"start":{"line":20,"column":0},"end":{"line":20,"column":null}}},"fnMap":{"0":{"name":"(anonymous_0)","decl":{"start":{"line":6,"column":2},"end":{"line":6,"column":3}},"loc":{"start":{"line":6,"column":42},"end":{"line":18,"column":null}},"line":6}},"branchMap":{},"s":{"0":1,"1":8,"2":1},"f":{"0":8},"b":{},"meta":{"lastBranch":0,"lastFunction":1,"lastStatement":3,"seen":{"s:5:14:19:Infinity":0,"f:6:2:6:3":0,"s:7:4:16:Infinity":1,"s:20:0:20:Infinity":2}}}
,"C:\\Documents\\Personal\\Projects\\prms\\prms-web\\src\\hooks\\use-debounce.ts": {"path":"C:\\Documents\\Personal\\Projects\\prms\\prms-web\\src\\hooks\\use-debounce.ts","statementMap":{"0":{"start":{"line":4,"column":42},"end":{"line":4,"column":null}},"1":{"start":{"line":6,"column":2},"end":{"line":14,"column":null}},"2":{"start":{"line":7,"column":18},"end":{"line":9,"column":null}},"3":{"start":{"line":8,"column":6},"end":{"line":8,"column":null}},"4":{"start":{"line":11,"column":4},"end":{"line":13,"column":null}},"5":{"start":{"line":12,"column":6},"end":{"line":12,"column":null}},"6":{"start":{"line":16,"column":2},"end":{"line":16,"column":null}}},"fnMap":{"0":{"name":"useDebounce","decl":{"start":{"line":3,"column":16},"end":{"line":3,"column":31}},"loc":{"start":{"line":3,"column":65},"end":{"line":17,"column":null}},"line":3},"1":{"name":"(anonymous_1)","decl":{"start":{"line":6,"column":12},"end":{"line":6,"column":18}},"loc":{"start":{"line":6,"column":18},"end":{"line":14,"column":5}},"line":6},"2":{"name":"(anonymous_2)","decl":{"start":{"line":7,"column":29},"end":{"line":7,"column":35}},"loc":{"start":{"line":7,"column":35},"end":{"line":9,"column":7}},"line":7},"3":{"name":"(anonymous_3)","decl":{"start":{"line":11,"column":11},"end":{"line":11,"column":17}},"loc":{"start":{"line":11,"column":17},"end":{"line":13,"column":null}},"line":11}},"branchMap":{"0":{"loc":{"start":{"line":3,"column":41},"end":{"line":3,"column":65}},"type":"default-arg","locations":[{"start":{"line":3,"column":57},"end":{"line":3,"column":65}}],"line":3}},"s":{"0":15,"1":15,"2":11,"3":4,"4":11,"5":11,"6":15},"f":{"0":15,"1":11,"2":4,"3":11},"b":{"0":[15]},"meta":{"lastBranch":1,"lastFunction":4,"lastStatement":7,"seen":{"f:3:16:3:31":0,"b:3:57:3:65":0,"s:4:42:4:Infinity":0,"s:6:2:14:Infinity":1,"f:6:12:6:18":1,"s:7:18:9:Infinity":2,"f:7:29:7:35":2,"s:8:6:8:Infinity":3,"s:11:4:13:Infinity":4,"f:11:11:11:17":3,"s:12:6:12:Infinity":5,"s:16:2:16:Infinity":6}}}
,"C:\\Documents\\Personal\\Projects\\prms\\prms-web\\src\\lib\\utils.ts": {"path":"C:\\Documents\\Personal\\Projects\\prms\\prms-web\\src\\lib\\utils.ts","statementMap":{"0":{"start":{"line":5,"column":2},"end":{"line":5,"column":null}}},"fnMap":{"0":{"name":"cn","decl":{"start":{"line":4,"column":16},"end":{"line":4,"column":22}},"loc":{"start":{"line":4,"column":44},"end":{"line":6,"column":null}},"line":4}},"branchMap":{},"s":{"0":19},"f":{"0":19},"b":{},"meta":{"lastBranch":0,"lastFunction":1,"lastStatement":1,"seen":{"f:4:16:4:22":0,"s:5:2:5:Infinity":0}}}
}
